<?xml version="1.0" encoding="UTF-8"?>
<testng-results ignored="0" total="1" passed="1" failed="0" skipped="0">
  <reporter-output>
  </reporter-output>
  <suite started-at="2022-05-13T05:44:13 WAT" name="Default suite" finished-at="2022-05-13T05:46:25 WAT" duration-ms="131995">
    <groups>
    </groups>
    <test started-at="2022-05-13T05:44:13 WAT" name="Default test" finished-at="2022-05-13T05:46:25 WAT" duration-ms="131995">
      <class name="Login.Gmail_login">
        <test-method signature="SoftAssertion()[pri:0, instance:Login.Gmail_login@fba92d3]" started-at="2022-05-13T05:44:13 WAT" name="SoftAssertion" finished-at="2022-05-13T05:46:25 WAT" duration-ms="131607" status="PASS">
          <reporter-output>
          </reporter-output>
        </test-method> <!-- SoftAssertion -->
      </class> <!-- Login.Gmail_login -->
    </test> <!-- Default test -->
  </suite> <!-- Default suite -->
</testng-results>
